

Started GET "/" for 127.0.0.1 at 2014-01-28 10:50:30 -0600

RuntimeError (Could not load database configuration. No such file - /Users/Meme/Desktop/rails_projects/ntlmsn/config/database.yml):
  railties (4.0.2) lib/rails/application/configuration.rb:110:in `database_configuration'
  activerecord (4.0.2) lib/active_record/railtie.rb:175:in `block (2 levels) in <class:Railtie>'
  activesupport (4.0.2) lib/active_support/lazy_load_hooks.rb:38:in `instance_eval'
  activesupport (4.0.2) lib/active_support/lazy_load_hooks.rb:38:in `execute_hook'
  activesupport (4.0.2) lib/active_support/lazy_load_hooks.rb:45:in `block in run_load_hooks'
  activesupport (4.0.2) lib/active_support/lazy_load_hooks.rb:44:in `each'
  activesupport (4.0.2) lib/active_support/lazy_load_hooks.rb:44:in `run_load_hooks'
  activerecord (4.0.2) lib/active_record/base.rb:322:in `<module:ActiveRecord>'
  activerecord (4.0.2) lib/active_record/base.rb:22:in `<top (required)>'
  activesupport (4.0.2) lib/active_support/dependencies.rb:229:in `require'
  activesupport (4.0.2) lib/active_support/dependencies.rb:229:in `block in require'
  activesupport (4.0.2) lib/active_support/dependencies.rb:214:in `load_dependency'
  activesupport (4.0.2) lib/active_support/dependencies.rb:229:in `require'
  activerecord (4.0.2) lib/active_record/schema_migration.rb:3:in `<top (required)>'
  activerecord (4.0.2) lib/active_record/migration.rb:783:in `schema_migrations_table_name'
  activerecord (4.0.2) lib/active_record/migration.rb:791:in `current_version'
  activerecord (4.0.2) lib/active_record/migration.rb:800:in `needs_migration?'
  activerecord (4.0.2) lib/active_record/migration.rb:379:in `check_pending!'
  activerecord (4.0.2) lib/active_record/migration.rb:366:in `call'
  actionpack (4.0.2) lib/action_dispatch/middleware/callbacks.rb:29:in `block in call'
  activesupport (4.0.2) lib/active_support/callbacks.rb:373:in `_run__30234612649420128__call__callbacks'
  activesupport (4.0.2) lib/active_support/callbacks.rb:80:in `run_callbacks'
  actionpack (4.0.2) lib/action_dispatch/middleware/callbacks.rb:27:in `call'
  actionpack (4.0.2) lib/action_dispatch/middleware/reloader.rb:64:in `call'
  actionpack (4.0.2) lib/action_dispatch/middleware/remote_ip.rb:76:in `call'
  actionpack (4.0.2) lib/action_dispatch/middleware/debug_exceptions.rb:17:in `call'
  actionpack (4.0.2) lib/action_dispatch/middleware/show_exceptions.rb:30:in `call'
  railties (4.0.2) lib/rails/rack/logger.rb:38:in `call_app'
  railties (4.0.2) lib/rails/rack/logger.rb:20:in `block in call'
  activesupport (4.0.2) lib/active_support/tagged_logging.rb:67:in `block in tagged'
  activesupport (4.0.2) lib/active_support/tagged_logging.rb:25:in `tagged'
  activesupport (4.0.2) lib/active_support/tagged_logging.rb:67:in `tagged'
  railties (4.0.2) lib/rails/rack/logger.rb:20:in `call'
  actionpack (4.0.2) lib/action_dispatch/middleware/request_id.rb:21:in `call'
  rack (1.5.2) lib/rack/methodoverride.rb:21:in `call'
  rack (1.5.2) lib/rack/runtime.rb:17:in `call'
  activesupport (4.0.2) lib/active_support/cache/strategy/local_cache.rb:83:in `call'
  rack (1.5.2) lib/rack/lock.rb:17:in `call'
  actionpack (4.0.2) lib/action_dispatch/middleware/static.rb:64:in `call'
  rack (1.5.2) lib/rack/sendfile.rb:112:in `call'
  railties (4.0.2) lib/rails/engine.rb:511:in `call'
  railties (4.0.2) lib/rails/application.rb:97:in `call'
  rack (1.5.2) lib/rack/lock.rb:17:in `call'
  rack (1.5.2) lib/rack/content_length.rb:14:in `call'
  rack (1.5.2) lib/rack/handler/webrick.rb:60:in `service'
  /Users/Meme/.rvm/rubies/ruby-2.0.0-p247/lib/ruby/2.0.0/webrick/httpserver.rb:138:in `service'
  /Users/Meme/.rvm/rubies/ruby-2.0.0-p247/lib/ruby/2.0.0/webrick/httpserver.rb:94:in `run'
  /Users/Meme/.rvm/rubies/ruby-2.0.0-p247/lib/ruby/2.0.0/webrick/server.rb:295:in `block in start_thread'


  Rendered /Users/Meme/.rvm/gems/ruby-2.0.0-p247@ntlmsn/gems/actionpack-4.0.2/lib/action_dispatch/middleware/templates/rescues/_source.erb (0.9ms)
  Rendered /Users/Meme/.rvm/gems/ruby-2.0.0-p247@ntlmsn/gems/actionpack-4.0.2/lib/action_dispatch/middleware/templates/rescues/_trace.erb (1.1ms)
  Rendered /Users/Meme/.rvm/gems/ruby-2.0.0-p247@ntlmsn/gems/actionpack-4.0.2/lib/action_dispatch/middleware/templates/rescues/_request_and_response.erb (1.5ms)
  Rendered /Users/Meme/.rvm/gems/ruby-2.0.0-p247@ntlmsn/gems/actionpack-4.0.2/lib/action_dispatch/middleware/templates/rescues/diagnostics.erb within rescues/layout (23.1ms)
  [1m[36m (654.8ms)[0m  [1mCREATE TABLE "schema_migrations" ("version" character varying(255) NOT NULL) [0m
  [1m[35m (58.9ms)[0m  CREATE UNIQUE INDEX "unique_schema_migrations" ON "schema_migrations" ("version")
  [1m[36mActiveRecord::SchemaMigration Load (1.0ms)[0m  [1mSELECT "schema_migrations".* FROM "schema_migrations"[0m
Migrating to CreateUsers (20130311191400)
  [1m[35m (25.4ms)[0m  BEGIN
  [1m[36m (284.1ms)[0m  [1mCREATE TABLE "users" ("id" serial primary key, "name" character varying(255), "email" character varying(255), "created_at" timestamp, "updated_at" timestamp) [0m
  [1m[35mSQL (139.1ms)[0m  INSERT INTO "schema_migrations" ("version") VALUES ($1)  [["version", "20130311191400"]]
  [1m[36m (5.7ms)[0m  [1mCOMMIT[0m
Migrating to AddIndexToUsersEmail (20130311194153)
  [1m[35m (0.5ms)[0m  BEGIN
  [1m[36m (13.3ms)[0m  [1mCREATE UNIQUE INDEX "index_users_on_email" ON "users" ("email")[0m
  [1m[35mSQL (0.4ms)[0m  INSERT INTO "schema_migrations" ("version") VALUES ($1)  [["version", "20130311194153"]]
  [1m[36m (0.7ms)[0m  [1mCOMMIT[0m
Migrating to AddPasswordDigestToUsers (20130311201841)
  [1m[35m (0.2ms)[0m  BEGIN
  [1m[36m (0.6ms)[0m  [1mALTER TABLE "users" ADD COLUMN "password_digest" character varying(255)[0m
  [1m[35mSQL (0.5ms)[0m  INSERT INTO "schema_migrations" ("version") VALUES ($1)  [["version", "20130311201841"]]
  [1m[36m (0.5ms)[0m  [1mCOMMIT[0m
Migrating to AddRememberTokenToUsers (20130314184954)
  [1m[35m (0.2ms)[0m  BEGIN
  [1m[36m (0.6ms)[0m  [1mALTER TABLE "users" ADD COLUMN "remember_token" character varying(255)[0m
  [1m[35m (1.3ms)[0m  CREATE INDEX "index_users_on_remember_token" ON "users" ("remember_token")
  [1m[36mSQL (0.5ms)[0m  [1mINSERT INTO "schema_migrations" ("version") VALUES ($1)[0m  [["version", "20130314184954"]]
  [1m[35m (0.6ms)[0m  COMMIT
Migrating to AddAdminToUsers (20130315015932)
  [1m[36m (0.3ms)[0m  [1mBEGIN[0m
  [1m[35m (0.7ms)[0m  ALTER TABLE "users" ADD COLUMN "admin" boolean
  [1m[36mSQL (0.5ms)[0m  [1mINSERT INTO "schema_migrations" ("version") VALUES ($1)[0m  [["version", "20130315015932"]]
  [1m[35m (0.5ms)[0m  COMMIT
Migrating to CreateMicroposts (20130315175534)
  [1m[36m (0.2ms)[0m  [1mBEGIN[0m
  [1m[35m (3.3ms)[0m  CREATE TABLE "microposts" ("id" serial primary key, "content" character varying(255), "user_id" integer, "created_at" timestamp, "updated_at" timestamp) 
  [1m[36m (1.6ms)[0m  [1mCREATE INDEX "index_microposts_on_user_id_and_created_at" ON "microposts" ("user_id", "created_at")[0m
  [1m[35mSQL (0.3ms)[0m  INSERT INTO "schema_migrations" ("version") VALUES ($1)  [["version", "20130315175534"]]
  [1m[36m (0.6ms)[0m  [1mCOMMIT[0m
Migrating to CreateRelationships (20130315230445)
  [1m[35m (0.3ms)[0m  BEGIN
  [1m[36m (3.7ms)[0m  [1mCREATE TABLE "relationships" ("id" serial primary key, "follower_id" integer, "followed_id" integer, "created_at" timestamp, "updated_at" timestamp) [0m
  [1m[35m (1.3ms)[0m  CREATE INDEX "index_relationships_on_follower_id" ON "relationships" ("follower_id")
  [1m[36m (1.6ms)[0m  [1mCREATE INDEX "index_relationships_on_followed_id" ON "relationships" ("followed_id")[0m
  [1m[35m (1.2ms)[0m  CREATE UNIQUE INDEX "index_relationships_on_follower_id_and_followed_id" ON "relationships" ("follower_id", "followed_id")
  [1m[36mSQL (0.6ms)[0m  [1mINSERT INTO "schema_migrations" ("version") VALUES ($1)[0m  [["version", "20130315230445"]]
  [1m[35m (0.8ms)[0m  COMMIT
  [1m[36mActiveRecord::SchemaMigration Load (0.3ms)[0m  [1mSELECT "schema_migrations".* FROM "schema_migrations"[0m


Started GET "/" for 127.0.0.1 at 2014-01-28 11:14:56 -0600
  [1m[36mActiveRecord::SchemaMigration Load (0.9ms)[0m  [1mSELECT "schema_migrations".* FROM "schema_migrations"[0m
Processing by StaticPagesController#home as HTML
  [1m[35mUser Load (38.3ms)[0m  SELECT "users".* FROM "users" WHERE "users"."remember_token" = 'da39a3ee5e6b4b0d3255bfef95601890afd80709' LIMIT 1
  [1m[36mCACHE (0.1ms)[0m  [1mSELECT "users".* FROM "users" WHERE "users"."remember_token" = 'da39a3ee5e6b4b0d3255bfef95601890afd80709' LIMIT 1[0m
  Rendered static_pages/home.html.erb within layouts/application (4.7ms)
  Rendered layouts/_shim.html.erb (1.1ms)
  [1m[35mCACHE (0.1ms)[0m  SELECT "users".* FROM "users" WHERE "users"."remember_token" = 'da39a3ee5e6b4b0d3255bfef95601890afd80709' LIMIT 1
  Rendered layouts/_header.html.erb (4.0ms)
  Rendered layouts/_footer.html.erb (0.9ms)
Completed 200 OK in 7534ms (Views: 7310.1ms | ActiveRecord: 42.2ms)


Started GET "/assets/static_pages.css?body=1" for 127.0.0.1 at 2014-01-28 11:15:06 -0600


Started GET "/assets/bootstrap-transition.js?body=1" for 127.0.0.1 at 2014-01-28 11:15:06 -0600


Started GET "/assets/bootstrap-alert.js?body=1" for 127.0.0.1 at 2014-01-28 11:15:07 -0600


Started GET "/assets/bootstrap-affix.js?body=1" for 127.0.0.1 at 2014-01-28 11:15:07 -0600


Started GET "/assets/bootstrap-button.js?body=1" for 127.0.0.1 at 2014-01-28 11:15:07 -0600


Started GET "/assets/custom.css?body=1" for 127.0.0.1 at 2014-01-28 11:15:07 -0600


Started GET "/assets/bootstrap-carousel.js?body=1" for 127.0.0.1 at 2014-01-28 11:15:07 -0600


Started GET "/assets/application.css?body=1" for 127.0.0.1 at 2014-01-28 11:15:07 -0600


Started GET "/assets/sessions.css?body=1" for 127.0.0.1 at 2014-01-28 11:15:07 -0600


Started GET "/assets/users.css?body=1" for 127.0.0.1 at 2014-01-28 11:15:07 -0600


Started GET "/assets/bootstrap-collapse.js?body=1" for 127.0.0.1 at 2014-01-28 11:15:07 -0600


Started GET "/assets/bootstrap-dropdown.js?body=1" for 127.0.0.1 at 2014-01-28 11:15:07 -0600


Started GET "/assets/bootstrap-modal.js?body=1" for 127.0.0.1 at 2014-01-28 11:15:07 -0600


Started GET "/assets/turbolinks.js?body=1" for 127.0.0.1 at 2014-01-28 11:15:07 -0600


Started GET "/assets/jquery_ujs.js?body=1" for 127.0.0.1 at 2014-01-28 11:15:07 -0600


Started GET "/assets/jquery.js?body=1" for 127.0.0.1 at 2014-01-28 11:15:07 -0600


Started GET "/assets/bootstrap-scrollspy.js?body=1" for 127.0.0.1 at 2014-01-28 11:15:07 -0600


Started GET "/assets/bootstrap-tab.js?body=1" for 127.0.0.1 at 2014-01-28 11:15:07 -0600


Started GET "/assets/bootstrap-typeahead.js?body=1" for 127.0.0.1 at 2014-01-28 11:15:07 -0600


Started GET "/assets/bootstrap-popover.js?body=1" for 127.0.0.1 at 2014-01-28 11:15:07 -0600


Started GET "/assets/bootstrap-tooltip.js?body=1" for 127.0.0.1 at 2014-01-28 11:15:08 -0600


Started GET "/assets/bootstrap.js?body=1" for 127.0.0.1 at 2014-01-28 11:15:08 -0600


Started GET "/assets/sessions.js?body=1" for 127.0.0.1 at 2014-01-28 11:15:08 -0600


Started GET "/assets/users.js?body=1" for 127.0.0.1 at 2014-01-28 11:15:08 -0600


Started GET "/assets/application.js?body=1" for 127.0.0.1 at 2014-01-28 11:15:08 -0600


Started GET "/assets/static_pages.js?body=1" for 127.0.0.1 at 2014-01-28 11:15:08 -0600


Started GET "/assets/rails.png" for 127.0.0.1 at 2014-01-28 11:15:08 -0600
